2013/09/17 03:29:32 [error] [system.db.CDbCommand] CDbCommand::fetchAll() failed: SQLSTATE[42S02]: Base table or view not found: 1146 Table 'ci-ion.tbl_post' doesn't exist. The SQL statement executed was: SHOW FULL COLUMNS FROM `tbl_post`.
in /Applications/MAMP/htdocs/jigz/www/index.php (13)
2013/09/17 03:36:11 [error] [php] include(ModelCode.php): failed to open stream: No such file or directory (/Applications/MAMP/htdocs/jigz/yii/YiiBase.php:427)
Stack trace:
#0 /Applications/MAMP/htdocs/jigz/yii/gii/CCodeGenerator.php(153): spl_autoload_call()
#1 /Applications/MAMP/htdocs/jigz/yii/gii/CCodeGenerator.php(63): ModelGenerator->prepare()
#2 /Applications/MAMP/htdocs/jigz/yii/web/actions/CInlineAction.php(49): ModelGenerator->actionIndex()
#3 /Applications/MAMP/htdocs/jigz/yii/web/CController.php(308): CInlineAction->runWithParams()
#4 /Applications/MAMP/htdocs/jigz/yii/web/CController.php(286): ModelGenerator->runAction()
#5 /Applications/MAMP/htdocs/jigz/yii/web/CController.php(265): ModelGenerator->runActionWithFilters()
#6 /Applications/MAMP/htdocs/jigz/yii/web/CWebApplication.php(282): ModelGenerator->run()
#7 /Applications/MAMP/htdocs/jigz/yii/web/CWebApplication.php(141): CWebApplication->runController()
#8 /Applications/MAMP/htdocs/jigz/yii/base/CApplication.php(180): CWebApplication->processRequest()
#9 /Applications/MAMP/htdocs/jigz/www/index.php(13): CWebApplication->run()
REQUEST_URI=/jigz/www/index.php/gii/model/index
in /Applications/MAMP/htdocs/jigz/www/index.php (13)
2013/09/17 04:22:57 [error] [php] Array to string conversion (/Applications/MAMP/htdocs/jigz/www/protected/gii/model/templates/default/model.php:77)
Stack trace:
#0 /Applications/MAMP/htdocs/jigz/yii/gii/CCodeGenerator.php(162): ModelCode->prepare()
#1 /Applications/MAMP/htdocs/jigz/yii/gii/CCodeGenerator.php(63): ModelGenerator->prepare()
#2 /Applications/MAMP/htdocs/jigz/yii/web/actions/CInlineAction.php(49): ModelGenerator->actionIndex()
#3 /Applications/MAMP/htdocs/jigz/yii/web/CController.php(308): CInlineAction->runWithParams()
#4 /Applications/MAMP/htdocs/jigz/yii/web/CController.php(286): ModelGenerator->runAction()
#5 /Applications/MAMP/htdocs/jigz/yii/web/CController.php(265): ModelGenerator->runActionWithFilters()
#6 /Applications/MAMP/htdocs/jigz/yii/web/CWebApplication.php(282): ModelGenerator->run()
#7 /Applications/MAMP/htdocs/jigz/yii/web/CWebApplication.php(141): CWebApplication->runController()
#8 /Applications/MAMP/htdocs/jigz/yii/base/CApplication.php(180): CWebApplication->processRequest()
#9 /Applications/MAMP/htdocs/jigz/www/index.php(13): CWebApplication->run()
REQUEST_URI=/jigz/www/index.php/gii/model/index
in /Applications/MAMP/htdocs/jigz/www/protected/gii/model/templates/default/model.php (77)
in /Applications/MAMP/htdocs/jigz/www/protected/gii/model/ModelCode.php (115)
in /Applications/MAMP/htdocs/jigz/www/index.php (13)
2013/09/17 04:29:02 [error] [php] Array to string conversion (/Applications/MAMP/htdocs/jigz/www/protected/gii/model/templates/default/model.php:65)
Stack trace:
#0 /Applications/MAMP/htdocs/jigz/www/protected/gii/model/ModelCode.php(115): ModelCode->render()
#1 /Applications/MAMP/htdocs/jigz/yii/gii/CCodeGenerator.php(162): ModelCode->prepare()
#2 /Applications/MAMP/htdocs/jigz/yii/gii/CCodeGenerator.php(63): ModelGenerator->prepare()
#3 /Applications/MAMP/htdocs/jigz/yii/web/actions/CInlineAction.php(49): ModelGenerator->actionIndex()
#4 /Applications/MAMP/htdocs/jigz/yii/web/CController.php(308): CInlineAction->runWithParams()
#5 /Applications/MAMP/htdocs/jigz/yii/web/CController.php(286): ModelGenerator->runAction()
#6 /Applications/MAMP/htdocs/jigz/yii/web/CController.php(265): ModelGenerator->runActionWithFilters()
#7 /Applications/MAMP/htdocs/jigz/yii/web/CWebApplication.php(282): ModelGenerator->run()
#8 /Applications/MAMP/htdocs/jigz/yii/web/CWebApplication.php(141): CWebApplication->runController()
#9 /Applications/MAMP/htdocs/jigz/yii/base/CApplication.php(180): CWebApplication->processRequest()
#10 /Applications/MAMP/htdocs/jigz/www/index.php(13): CWebApplication->run()
REQUEST_URI=/jigz/www/index.php/gii/model/index
in /Applications/MAMP/htdocs/jigz/www/protected/gii/model/templates/default/model.php (65)
in /Applications/MAMP/htdocs/jigz/www/protected/gii/model/ModelCode.php (115)
in /Applications/MAMP/htdocs/jigz/www/index.php (13)
2013/09/17 04:37:59 [error] [exception.CException] exception 'CException' with message 'Property "ModelCode.softDelete" is not defined.' in /Applications/MAMP/htdocs/jigz/yii/base/CComponent.php:130
Stack trace:
#0 /Applications/MAMP/htdocs/jigz/yii/web/helpers/CHtml.php(2529): CComponent->__get('softDelete')
#1 /Applications/MAMP/htdocs/jigz/yii/web/helpers/CHtml.php(1743): CHtml::resolveValue(Object(ModelCode), 'softDelete')
#2 /Applications/MAMP/htdocs/jigz/yii/web/widgets/CActiveForm.php(831): CHtml::activeCheckBox(Object(ModelCode), 'softDelete', Array)
#3 /Applications/MAMP/htdocs/jigz/www/protected/gii/model/views/index.php(151): CActiveForm->checkBox(Object(ModelCode), 'softDelete')
#4 /Applications/MAMP/htdocs/jigz/yii/web/CBaseController.php(126): require('/Applications/M...')
#5 /Applications/MAMP/htdocs/jigz/yii/web/CBaseController.php(95): CBaseController->renderInternal('/Applications/M...', Array, true)
#6 /Applications/MAMP/htdocs/jigz/yii/web/CController.php(869): CBaseController->renderFile('/Applications/M...', Array, true)
#7 /Applications/MAMP/htdocs/jigz/yii/web/CController.php(782): CController->renderPartial('index', Array, true)
#8 /Applications/MAMP/htdocs/jigz/yii/gii/CCodeGenerator.php(72): CController->render('index', Array)
#9 /Applications/MAMP/htdocs/jigz/yii/web/actions/CInlineAction.php(49): CCodeGenerator->actionIndex()
#10 /Applications/MAMP/htdocs/jigz/yii/web/CController.php(308): CInlineAction->runWithParams(Array)
#11 /Applications/MAMP/htdocs/jigz/yii/web/CController.php(286): CController->runAction(Object(CInlineAction))
#12 /Applications/MAMP/htdocs/jigz/yii/web/CController.php(265): CController->runActionWithFilters(Object(CInlineAction), Array)
#13 /Applications/MAMP/htdocs/jigz/yii/web/CWebApplication.php(282): CController->run('index')
#14 /Applications/MAMP/htdocs/jigz/yii/web/CWebApplication.php(141): CWebApplication->runController('gii/model/index')
#15 /Applications/MAMP/htdocs/jigz/yii/base/CApplication.php(180): CWebApplication->processRequest()
#16 /Applications/MAMP/htdocs/jigz/www/index.php(13): CApplication->run()
#17 {main}
REQUEST_URI=/jigz/www/index.php/gii/model/index
HTTP_REFERER=http://localhost:8888/jigz/www/index.php/gii/model/index
---
2013/09/17 04:38:41 [error] [exception.CException] exception 'CException' with message 'Property "ModelCode.softDelete" is not defined.' in /Applications/MAMP/htdocs/jigz/yii/base/CComponent.php:130
Stack trace:
#0 /Applications/MAMP/htdocs/jigz/yii/gii/CCodeModel.php(356): CComponent->__get('softDelete')
#1 /Applications/MAMP/htdocs/jigz/yii/validators/CInlineValidator.php(42): CCodeModel->sticky('softDelete', Array)
#2 /Applications/MAMP/htdocs/jigz/yii/validators/CValidator.php(213): CInlineValidator->validateAttribute(Object(ModelCode), 'softDelete')
#3 /Applications/MAMP/htdocs/jigz/yii/base/CModel.php(159): CValidator->validate(Object(ModelCode), NULL)
#4 /Applications/MAMP/htdocs/jigz/yii/gii/CCodeGenerator.php(159): CModel->validate()
#5 /Applications/MAMP/htdocs/jigz/yii/gii/CCodeGenerator.php(63): CCodeGenerator->prepare()
#6 /Applications/MAMP/htdocs/jigz/yii/web/actions/CInlineAction.php(49): CCodeGenerator->actionIndex()
#7 /Applications/MAMP/htdocs/jigz/yii/web/CController.php(308): CInlineAction->runWithParams(Array)
#8 /Applications/MAMP/htdocs/jigz/yii/web/CController.php(286): CController->runAction(Object(CInlineAction))
#9 /Applications/MAMP/htdocs/jigz/yii/web/CController.php(265): CController->runActionWithFilters(Object(CInlineAction), Array)
#10 /Applications/MAMP/htdocs/jigz/yii/web/CWebApplication.php(282): CController->run('index')
#11 /Applications/MAMP/htdocs/jigz/yii/web/CWebApplication.php(141): CWebApplication->runController('gii/model/index')
#12 /Applications/MAMP/htdocs/jigz/yii/base/CApplication.php(180): CWebApplication->processRequest()
#13 /Applications/MAMP/htdocs/jigz/www/index.php(13): CApplication->run()
#14 {main}
REQUEST_URI=/jigz/www/index.php/gii/model/index
HTTP_REFERER=http://localhost:8888/jigz/www/index.php/gii/model/index
---
2013/09/17 04:47:45 [error] [php] Undefined variable: softDelete (/Applications/MAMP/htdocs/jigz/www/protected/gii/model/templates/default/model.php:61)
Stack trace:
#0 /Applications/MAMP/htdocs/jigz/yii/gii/CCodeGenerator.php(162): ModelCode->prepare()
#1 /Applications/MAMP/htdocs/jigz/yii/gii/CCodeGenerator.php(63): ModelGenerator->prepare()
#2 /Applications/MAMP/htdocs/jigz/yii/web/actions/CInlineAction.php(49): ModelGenerator->actionIndex()
#3 /Applications/MAMP/htdocs/jigz/yii/web/CController.php(308): CInlineAction->runWithParams()
#4 /Applications/MAMP/htdocs/jigz/yii/web/CController.php(286): ModelGenerator->runAction()
#5 /Applications/MAMP/htdocs/jigz/yii/web/CController.php(265): ModelGenerator->runActionWithFilters()
#6 /Applications/MAMP/htdocs/jigz/yii/web/CWebApplication.php(282): ModelGenerator->run()
#7 /Applications/MAMP/htdocs/jigz/yii/web/CWebApplication.php(141): CWebApplication->runController()
#8 /Applications/MAMP/htdocs/jigz/yii/base/CApplication.php(180): CWebApplication->processRequest()
#9 /Applications/MAMP/htdocs/jigz/www/index.php(13): CWebApplication->run()
REQUEST_URI=/jigz/www/index.php/gii/model/index
in /Applications/MAMP/htdocs/jigz/www/protected/gii/model/templates/default/model.php (61)
in /Applications/MAMP/htdocs/jigz/www/protected/gii/model/ModelCode.php (120)
in /Applications/MAMP/htdocs/jigz/www/index.php (13)
2013/09/17 04:54:46 [error] [exception.CException] exception 'CException' with message 'Property "ModelCode.primaryKey" is not defined.' in /Applications/MAMP/htdocs/jigz/yii/base/CComponent.php:130
Stack trace:
#0 /Applications/MAMP/htdocs/jigz/www/protected/gii/model/templates/default/model.php(61): CComponent->__get('primaryKey')
#1 /Applications/MAMP/htdocs/jigz/yii/gii/CCodeModel.php(321): require('/Applications/M...')
#2 /Applications/MAMP/htdocs/jigz/www/protected/gii/model/ModelCode.php(120): CCodeModel->render('/Applications/M...', Array)
#3 /Applications/MAMP/htdocs/jigz/yii/gii/CCodeGenerator.php(162): ModelCode->prepare()
#4 /Applications/MAMP/htdocs/jigz/yii/gii/CCodeGenerator.php(63): CCodeGenerator->prepare()
#5 /Applications/MAMP/htdocs/jigz/yii/web/actions/CInlineAction.php(49): CCodeGenerator->actionIndex()
#6 /Applications/MAMP/htdocs/jigz/yii/web/CController.php(308): CInlineAction->runWithParams(Array)
#7 /Applications/MAMP/htdocs/jigz/yii/web/CController.php(286): CController->runAction(Object(CInlineAction))
#8 /Applications/MAMP/htdocs/jigz/yii/web/CController.php(265): CController->runActionWithFilters(Object(CInlineAction), Array)
#9 /Applications/MAMP/htdocs/jigz/yii/web/CWebApplication.php(282): CController->run('index')
#10 /Applications/MAMP/htdocs/jigz/yii/web/CWebApplication.php(141): CWebApplication->runController('gii/model/index')
#11 /Applications/MAMP/htdocs/jigz/yii/base/CApplication.php(180): CWebApplication->processRequest()
#12 /Applications/MAMP/htdocs/jigz/www/index.php(13): CApplication->run()
#13 {main}
REQUEST_URI=/jigz/www/index.php/gii/model/index
HTTP_REFERER=http://localhost:8888/jigz/www/index.php/gii/model/index
---
2013/09/17 04:54:59 [error] [exception.CException] exception 'CException' with message 'Property "ModelCode.table" is not defined.' in /Applications/MAMP/htdocs/jigz/yii/base/CComponent.php:130
Stack trace:
#0 /Applications/MAMP/htdocs/jigz/www/protected/gii/model/templates/default/model.php(61): CComponent->__get('table')
#1 /Applications/MAMP/htdocs/jigz/yii/gii/CCodeModel.php(321): require('/Applications/M...')
#2 /Applications/MAMP/htdocs/jigz/www/protected/gii/model/ModelCode.php(120): CCodeModel->render('/Applications/M...', Array)
#3 /Applications/MAMP/htdocs/jigz/yii/gii/CCodeGenerator.php(162): ModelCode->prepare()
#4 /Applications/MAMP/htdocs/jigz/yii/gii/CCodeGenerator.php(63): CCodeGenerator->prepare()
#5 /Applications/MAMP/htdocs/jigz/yii/web/actions/CInlineAction.php(49): CCodeGenerator->actionIndex()
#6 /Applications/MAMP/htdocs/jigz/yii/web/CController.php(308): CInlineAction->runWithParams(Array)
#7 /Applications/MAMP/htdocs/jigz/yii/web/CController.php(286): CController->runAction(Object(CInlineAction))
#8 /Applications/MAMP/htdocs/jigz/yii/web/CController.php(265): CController->runActionWithFilters(Object(CInlineAction), Array)
#9 /Applications/MAMP/htdocs/jigz/yii/web/CWebApplication.php(282): CController->run('index')
#10 /Applications/MAMP/htdocs/jigz/yii/web/CWebApplication.php(141): CWebApplication->runController('gii/model/index')
#11 /Applications/MAMP/htdocs/jigz/yii/base/CApplication.php(180): CWebApplication->processRequest()
#12 /Applications/MAMP/htdocs/jigz/www/index.php(13): CApplication->run()
#13 {main}
REQUEST_URI=/jigz/www/index.php/gii/model/index
HTTP_REFERER=http://localhost:8888/jigz/www/index.php/gii/model/index
---
